<?xml version="1.0" encoding="UTF-8"?>
<!-- Generated by org.testng.reporters.JUnitXMLReporter -->
<testsuite ignored="0" hostname="DESKTOP-HGAEIA7" failures="2" tests="4" name="Test" time="9.423" errors="0" timestamp="2024-10-18T15:45:06 IST">
  <testcase classname="testcases.abcTest" name="testSample" time="3.311">
    <failure type="java.lang.AssertionError" message="Title validation failed! expected [Example Domain] but found [Swag Labs]">
      <![CDATA[java.lang.AssertionError: Title validation failed! expected [Example Domain] but found [Swag Labs]
at testcases.abcTest.testSample(abcTest.java:19)
at java.base/java.util.ArrayList.forEach(ArrayList.java:1596)
... Removed 30 stack frames]]>
    </failure>
  </testcase> <!-- testSample -->
  <testcase classname="testcases.SeleniumTestWithFailureEmail" name="check" time="0.181">
    <failure type="java.lang.AssertionError" message="Title validation failed! expected [Example Domain] but found [Swag Labs]">
      <![CDATA[java.lang.AssertionError: Title validation failed! expected [Example Domain] but found [Swag Labs]
at testcases.SeleniumTestWithFailureEmail.check(SeleniumTestWithFailureEmail.java:33)
at java.base/java.util.ArrayList.forEach(ArrayList.java:1596)
... Removed 30 stack frames]]>
    </failure>
  </testcase> <!-- check -->
  <testcase classname="testcases.MyTest" name="openBrowser" time="0.022"/>
  <testcase classname="testcases.LoginTest" name="loginTest" time="2.925"/>
</testsuite> <!-- Test -->
